TN:
SF:contracts/src/DMSD.sol
FN:86,DMSD.createPersonalMultisig
FNDA:3,DMSD.createPersonalMultisig
DA:87,2
DA:88,2
DA:89,2
DA:90,2
DA:91,2
DA:92,2
DA:93,2
FN:104,DMSD.createRecipientsMultisig
FNDA:0,DMSD.createRecipientsMultisig
DA:109,0
DA:110,0
DA:111,0
FN:121,DMSD.transferToMultisig
FNDA:0,DMSD.transferToMultisig
DA:123,0
DA:124,0
FN:135,DMSD._transferFromToMultisig
FNDA:0,DMSD._transferFromToMultisig
DA:137,0
BRDA:137,0,0,-
BRDA:137,0,1,-
DA:138,0
BRDA:138,1,0,-
BRDA:138,1,1,-
DA:143,0
BRDA:143,2,0,-
BRDA:143,2,1,-
DA:148,0
FN:168,DMSD.registerAdmin
FNDA:4,DMSD.registerAdmin
DA:173,4
DA:174,4
DA:175,4
DA:176,4
DA:177,4
DA:178,4
DA:179,4
DA:180,4
DA:181,4
DA:182,4
DA:183,4
FN:195,DMSD.registerRecipient
FNDA:3,DMSD.registerRecipient
DA:201,1
DA:202,1
DA:203,1
DA:204,1
DA:205,1
DA:206,1
DA:207,1
DA:208,1
DA:209,1
DA:210,1
DA:211,1
FN:218,DMSD.getUserAtIndex
FNDA:1,DMSD.getUserAtIndex
DA:219,1
FN:234,DMSD.getUser
FNDA:4,DMSD.getUser
DA:248,3
FN:262,DMSD._setAdminAddress
FNDA:4,DMSD._setAdminAddress
DA:263,4
FN:266,DMSD.getRecoveryAddress
FNDA:1,DMSD.getRecoveryAddress
DA:267,1
FN:270,DMSD._setRecoveryAddress
FNDA:2,DMSD._setRecoveryAddress
DA:271,2
BRDA:271,3,0,-
BRDA:271,3,1,2
DA:272,2
FNF:11
FNH:8
LF:44
LH:35
BRF:8
BRH:1
end_of_record
TN:
SF:contracts/src/MultiSigWallet.sol
FN:134,MultiSigWallet.submitTransaction
FNDA:12,MultiSigWallet.submitTransaction
DA:135,11
DA:136,11
DA:138,11
FN:146,MultiSigWallet.confirmTransaction
FNDA:14,MultiSigWallet.confirmTransaction
DA:153,11
DA:154,11
DA:155,11
DA:157,11
FN:167,MultiSigWallet.executeTransaction
FNDA:4,MultiSigWallet.executeTransaction
DA:168,4
DA:170,4
BRDA:170,0,0,-
BRDA:170,0,1,4
DA:172,4
DA:174,4
DA:175,4
BRDA:175,1,0,-
BRDA:175,1,1,4
DA:177,4
FN:188,MultiSigWallet.revokeConfirmation
FNDA:0,MultiSigWallet.revokeConfirmation
DA:189,0
DA:191,0
BRDA:191,2,0,-
BRDA:191,2,1,-
DA:193,0
DA:194,0
DA:196,0
FN:203,MultiSigWallet.getOwners
FNDA:1,MultiSigWallet.getOwners
DA:204,1
FN:211,MultiSigWallet.getTransactionCount
FNDA:13,MultiSigWallet.getTransactionCount
DA:212,13
FN:224,MultiSigWallet.getTransaction
FNDA:8,MultiSigWallet.getTransaction
DA:229,8
DA:231,8
FNF:7
FNH:6
LF:22
LH:17
BRF:6
BRH:2
end_of_record
TN:
SF:contracts/test/DMSD.t.sol
FN:35,BaseSetup.setUp
FNDA:0,BaseSetup.setUp
DA:36,0
DA:37,0
DA:40,0
DA:51,0
DA:60,0
DA:69,0
DA:79,0
DA:80,0
DA:81,0
DA:82,0
DA:84,0
DA:85,0
DA:86,0
DA:87,0
DA:88,0
DA:89,0
DA:90,0
DA:91,0
DA:92,0
DA:93,0
DA:94,0
DA:95,0
DA:96,0
DA:98,0
DA:100,0
FNF:1
FNH:0
LF:25
LH:0
BRF:0
BRH:0
end_of_record
TN:
SF:contracts/test/MultiSigWallet.t.sol
FN:20,BaseSetup.setUp
FNDA:0,BaseSetup.setUp
DA:21,0
DA:22,0
DA:24,0
DA:25,0
DA:26,0
DA:27,0
DA:28,0
DA:29,0
DA:30,0
DA:31,0
DA:32,0
DA:33,0
DA:34,0
DA:35,0
DA:36,0
DA:38,0
DA:40,0
FNF:1
FNH:0
LF:17
LH:0
BRF:0
BRH:0
end_of_record
TN:
SF:contracts/utils/Utils.sol
FN:9,Utils.getNextUserAddress
FNDA:0,Utils.getNextUserAddress
DA:10,0
DA:11,0
DA:12,0
FN:16,Utils.createUsers
FNDA:0,Utils.createUsers
DA:17,0
DA:18,0
DA:19,0
DA:20,0
DA:21,0
DA:24,0
FN:28,Utils.mineBlocks
FNDA:0,Utils.mineBlocks
DA:29,0
DA:30,0
FNF:3
FNH:0
LF:11
LH:0
BRF:0
BRH:0
end_of_record
